<?xml version="1.0" encoding="UTF-8"?>
<testng-results ignored="0" total="1" passed="1" failed="0" skipped="0">
  <reporter-output>
  </reporter-output>
  <suite started-at="2025-02-11T11:14:34 IST" name="Default suite" finished-at="2025-02-11T11:14:35 IST" duration-ms="1667">
    <groups>
    </groups>
    <test started-at="2025-02-11T11:14:34 IST" name="Default test" finished-at="2025-02-11T11:14:35 IST" duration-ms="1667">
      <class name="day1.MultipleWayPayload">
        <test-method signature="testPostUsingExternalJson()[pri:0, instance:day1.MultipleWayPayload@c8c12ac]" started-at="2025-02-11T11:14:34 IST" name="testPostUsingExternalJson" finished-at="2025-02-11T11:14:35 IST" duration-ms="1637" status="PASS">
          <reporter-output>
          </reporter-output>
        </test-method> <!-- testPostUsingExternalJson -->
      </class> <!-- day1.MultipleWayPayload -->
    </test> <!-- Default test -->
  </suite> <!-- Default suite -->
</testng-results>
